<?xml version="1.0" encoding="UTF-8"?>
<!-- Generated by org.testng.reporters.JUnitReportReporter -->
<testsuite skipped="0" hostname="TY-MF-050" name="appiumDemoPro.BobbleTest" tests="1" failures="0" timestamp="24 Apr 2018 06:57:36 GMT" time="127.651" errors="0">
  <testcase name="themeTabTestCase" time="127.651" classname="appiumDemoPro.BobbleTest"/>
</testsuite> <!-- appiumDemoPro.BobbleTest -->
