<?xml version="1.0" encoding="UTF-8"?>
<!-- Generated by org.testng.reporters.JUnitReportReporter -->
<testsuite skipped="0" hostname="TY-MF-050" name="appiumDemoPro.BobbleCase1Test" tests="1" failures="0" timestamp="02 May 2018 10:33:46 GMT" time="66.695" errors="0">
  <testcase name="languageTabTest" time="66.695" classname="appiumDemoPro.BobbleCase1Test"/>
</testsuite> <!-- appiumDemoPro.BobbleCase1Test -->
