<?xml version="1.0" encoding="UTF-8"?>
<!-- Generated by org.testng.reporters.JUnitReportReporter -->
<testsuite skipped="0" hostname="TY-MF-050" name="appiumDemoPro.BobbleCase1Test" tests="1" failures="0" timestamp="24 Apr 2018 05:41:11 GMT" time="129.652" errors="0">
  <testcase name="bobblePocTest" time="129.652" classname="appiumDemoPro.BobbleCase1Test"/>
</testsuite> <!-- appiumDemoPro.BobbleCase1Test -->
