<?xml version="1.0" encoding="UTF-8"?>
<!-- Generated by org.testng.reporters.JUnitReportReporter -->
<testsuite skipped="0" hostname="TY-MF-050" name="appiumDemoPro.BobbleTest" tests="1" failures="0" timestamp="02 May 2018 11:48:31 GMT" time="74.186" errors="0">
  <testcase name="themeTabTestCase" time="74.186" classname="appiumDemoPro.BobbleTest"/>
</testsuite> <!-- appiumDemoPro.BobbleTest -->
