<?xml version="1.0" encoding="UTF-8"?>
<!-- Generated by org.testng.reporters.JUnitReportReporter -->
<testsuite skipped="0" hostname="LAPTOP-4N6RGF15" name="com.bobbleKeyboard.Tests.BobbleTest" tests="1" failures="0" timestamp="03 May 2018 03:17:25 GMT" time="76.623" errors="0">
  <testcase name="themeTabTestCase" time="76.623" classname="com.bobbleKeyboard.Tests.BobbleTest"/>
</testsuite> <!-- com.bobbleKeyboard.Tests.BobbleTest -->
